<?xml version="1.0" encoding="UTF-8"?>
<testng-results skipped="2" failed="0" ignored="0" total="2" passed="0">
  <reporter-output>
  </reporter-output>
  <suite name="Default suite" duration-ms="523" started-at="2018-12-12T09:54:30Z" finished-at="2018-12-12T09:54:30Z">
    <groups>
      <group name="Smoke">
        <method signature="ProdDBQuery.getProdDBQuery(java.lang.String, java.util.Hashtable)[pri:0, instance:com.tr.DTM.testcases.DB.ProdDBQuery@27efef64]" name="getProdDBQuery" class="com.tr.DTM.testcases.DB.ProdDBQuery"/>
      </group> <!-- Smoke -->
    </groups>
    <test name="Default test" duration-ms="523" started-at="2018-12-12T09:54:30Z" finished-at="2018-12-12T09:54:30Z">
      <class name="com.tr.DTM.testcases.DB.ProdDBQuery">
        <test-method status="SKIP" signature="isTcSkip()[pri:0, instance:com.tr.DTM.testcases.DB.ProdDBQuery@27efef64]" name="isTcSkip" is-config="true" duration-ms="6" started-at="2018-12-12T09:54:30Z" finished-at="2018-12-12T09:54:30Z">
          <exception class="org.testng.SkipException">
            <message>
              <![CDATA[skipping the Scenario as Run Mode : N]]>
            </message>
            <full-stacktrace>
              <![CDATA[org.testng.SkipException: skipping the Scenario as Run Mode : N
at com.tr.DTM.testcases.DB.ProdDBQuery.isTcSkip(ProdDBQuery.java:75)
at sun.reflect.NativeMethodAccessorImpl.invoke0(Native Method)
at sun.reflect.NativeMethodAccessorImpl.invoke(NativeMethodAccessorImpl.java:62)
at sun.reflect.DelegatingMethodAccessorImpl.invoke(DelegatingMethodAccessorImpl.java:43)
at java.lang.reflect.Method.invoke(Method.java:498)
at org.testng.internal.MethodInvocationHelper.invokeMethod(MethodInvocationHelper.java:124)
at org.testng.internal.MethodInvocationHelper.invokeMethodConsideringTimeout(MethodInvocationHelper.java:59)
at org.testng.internal.Invoker.invokeConfigurationMethod(Invoker.java:458)
at org.testng.internal.Invoker.invokeConfigurations(Invoker.java:222)
at org.testng.internal.Invoker.invokeMethod(Invoker.java:523)
at org.testng.internal.Invoker.invokeTestMethod(Invoker.java:719)
at org.testng.internal.Invoker.invokeTestMethods(Invoker.java:989)
at org.testng.internal.TestMethodWorker.invokeTestMethods(TestMethodWorker.java:125)
at org.testng.internal.TestMethodWorker.run(TestMethodWorker.java:109)
at org.testng.TestRunner.privateRun(TestRunner.java:648)
at org.testng.TestRunner.run(TestRunner.java:505)
at org.testng.SuiteRunner.runTest(SuiteRunner.java:455)
at org.testng.SuiteRunner.runSequentially(SuiteRunner.java:450)
at org.testng.SuiteRunner.privateRun(SuiteRunner.java:415)
at org.testng.SuiteRunner.run(SuiteRunner.java:364)
at org.testng.SuiteRunnerWorker.runSuite(SuiteRunnerWorker.java:52)
at org.testng.SuiteRunnerWorker.run(SuiteRunnerWorker.java:84)
at org.testng.TestNG.runSuitesSequentially(TestNG.java:1208)
at org.testng.TestNG.runSuitesLocally(TestNG.java:1137)
at org.testng.TestNG.runSuites(TestNG.java:1049)
at org.testng.TestNG.run(TestNG.java:1017)
at org.testng.remote.AbstractRemoteTestNG.run(AbstractRemoteTestNG.java:114)
at org.testng.remote.RemoteTestNG.initAndRun(RemoteTestNG.java:251)
at org.testng.remote.RemoteTestNG.main(RemoteTestNG.java:77)
]]>
            </full-stacktrace>
          </exception> <!-- org.testng.SkipException -->
          <reporter-output>
          </reporter-output>
        </test-method> <!-- isTcSkip -->
        <test-method status="SKIP" signature="getProdDBQuery(java.lang.String, java.util.Hashtable)[pri:0, instance:com.tr.DTM.testcases.DB.ProdDBQuery@27efef64]" name="getProdDBQuery" duration-ms="0" started-at="2018-12-12T09:54:30Z" data-provider="ExcelData" finished-at="2018-12-12T09:54:30Z">
          <exception class="org.testng.SkipException">
            <message>
              <![CDATA[skipping the Scenario as Run Mode : N]]>
            </message>
            <full-stacktrace>
              <![CDATA[org.testng.SkipException: skipping the Scenario as Run Mode : N
at com.tr.DTM.testcases.DB.ProdDBQuery.isTcSkip(ProdDBQuery.java:75)
at sun.reflect.NativeMethodAccessorImpl.invoke0(Native Method)
at sun.reflect.NativeMethodAccessorImpl.invoke(NativeMethodAccessorImpl.java:62)
at sun.reflect.DelegatingMethodAccessorImpl.invoke(DelegatingMethodAccessorImpl.java:43)
at java.lang.reflect.Method.invoke(Method.java:498)
at org.testng.internal.MethodInvocationHelper.invokeMethod(MethodInvocationHelper.java:124)
at org.testng.internal.MethodInvocationHelper.invokeMethodConsideringTimeout(MethodInvocationHelper.java:59)
at org.testng.internal.Invoker.invokeConfigurationMethod(Invoker.java:458)
at org.testng.internal.Invoker.invokeConfigurations(Invoker.java:222)
at org.testng.internal.Invoker.invokeMethod(Invoker.java:523)
at org.testng.internal.Invoker.invokeTestMethod(Invoker.java:719)
at org.testng.internal.Invoker.invokeTestMethods(Invoker.java:989)
at org.testng.internal.TestMethodWorker.invokeTestMethods(TestMethodWorker.java:125)
at org.testng.internal.TestMethodWorker.run(TestMethodWorker.java:109)
at org.testng.TestRunner.privateRun(TestRunner.java:648)
at org.testng.TestRunner.run(TestRunner.java:505)
at org.testng.SuiteRunner.runTest(SuiteRunner.java:455)
at org.testng.SuiteRunner.runSequentially(SuiteRunner.java:450)
at org.testng.SuiteRunner.privateRun(SuiteRunner.java:415)
at org.testng.SuiteRunner.run(SuiteRunner.java:364)
at org.testng.SuiteRunnerWorker.runSuite(SuiteRunnerWorker.java:52)
at org.testng.SuiteRunnerWorker.run(SuiteRunnerWorker.java:84)
at org.testng.TestNG.runSuitesSequentially(TestNG.java:1208)
at org.testng.TestNG.runSuitesLocally(TestNG.java:1137)
at org.testng.TestNG.runSuites(TestNG.java:1049)
at org.testng.TestNG.run(TestNG.java:1017)
at org.testng.remote.AbstractRemoteTestNG.run(AbstractRemoteTestNG.java:114)
at org.testng.remote.RemoteTestNG.initAndRun(RemoteTestNG.java:251)
at org.testng.remote.RemoteTestNG.main(RemoteTestNG.java:77)
]]>
            </full-stacktrace>
          </exception> <!-- org.testng.SkipException -->
          <reporter-output>
          </reporter-output>
        </test-method> <!-- getProdDBQuery -->
        <test-method status="SKIP" signature="isTcSkip()[pri:0, instance:com.tr.DTM.testcases.DB.ProdDBQuery@27efef64]" name="isTcSkip" is-config="true" duration-ms="0" started-at="2018-12-12T09:54:30Z" finished-at="2018-12-12T09:54:30Z">
          <reporter-output>
          </reporter-output>
        </test-method> <!-- isTcSkip -->
        <test-method status="SKIP" signature="getProdDBQuery(java.lang.String, java.util.Hashtable)[pri:0, instance:com.tr.DTM.testcases.DB.ProdDBQuery@27efef64]" name="getProdDBQuery" duration-ms="0" started-at="2018-12-12T09:54:30Z" data-provider="ExcelData" finished-at="2018-12-12T09:54:30Z">
          <exception class="org.testng.SkipException">
            <message>
              <![CDATA[skipping the Scenario as Run Mode : N]]>
            </message>
            <full-stacktrace>
              <![CDATA[org.testng.SkipException: skipping the Scenario as Run Mode : N
at com.tr.DTM.testcases.DB.ProdDBQuery.isTcSkip(ProdDBQuery.java:75)
at sun.reflect.NativeMethodAccessorImpl.invoke0(Native Method)
at sun.reflect.NativeMethodAccessorImpl.invoke(NativeMethodAccessorImpl.java:62)
at sun.reflect.DelegatingMethodAccessorImpl.invoke(DelegatingMethodAccessorImpl.java:43)
at java.lang.reflect.Method.invoke(Method.java:498)
at org.testng.internal.MethodInvocationHelper.invokeMethod(MethodInvocationHelper.java:124)
at org.testng.internal.MethodInvocationHelper.invokeMethodConsideringTimeout(MethodInvocationHelper.java:59)
at org.testng.internal.Invoker.invokeConfigurationMethod(Invoker.java:458)
at org.testng.internal.Invoker.invokeConfigurations(Invoker.java:222)
at org.testng.internal.Invoker.invokeMethod(Invoker.java:523)
at org.testng.internal.Invoker.invokeTestMethod(Invoker.java:719)
at org.testng.internal.Invoker.invokeTestMethods(Invoker.java:989)
at org.testng.internal.TestMethodWorker.invokeTestMethods(TestMethodWorker.java:125)
at org.testng.internal.TestMethodWorker.run(TestMethodWorker.java:109)
at org.testng.TestRunner.privateRun(TestRunner.java:648)
at org.testng.TestRunner.run(TestRunner.java:505)
at org.testng.SuiteRunner.runTest(SuiteRunner.java:455)
at org.testng.SuiteRunner.runSequentially(SuiteRunner.java:450)
at org.testng.SuiteRunner.privateRun(SuiteRunner.java:415)
at org.testng.SuiteRunner.run(SuiteRunner.java:364)
at org.testng.SuiteRunnerWorker.runSuite(SuiteRunnerWorker.java:52)
at org.testng.SuiteRunnerWorker.run(SuiteRunnerWorker.java:84)
at org.testng.TestNG.runSuitesSequentially(TestNG.java:1208)
at org.testng.TestNG.runSuitesLocally(TestNG.java:1137)
at org.testng.TestNG.runSuites(TestNG.java:1049)
at org.testng.TestNG.run(TestNG.java:1017)
at org.testng.remote.AbstractRemoteTestNG.run(AbstractRemoteTestNG.java:114)
at org.testng.remote.RemoteTestNG.initAndRun(RemoteTestNG.java:251)
at org.testng.remote.RemoteTestNG.main(RemoteTestNG.java:77)
]]>
            </full-stacktrace>
          </exception> <!-- org.testng.SkipException -->
          <reporter-output>
          </reporter-output>
        </test-method> <!-- getProdDBQuery -->
      </class> <!-- com.tr.DTM.testcases.DB.ProdDBQuery -->
    </test> <!-- Default test -->
  </suite> <!-- Default suite -->
</testng-results>
