<?xml version="1.0" encoding="UTF-8"?>
<!-- Generated by org.testng.reporters.JUnitXMLReporter -->
<testsuite hostname="U6023257-TPL-A" ignored="0" name="Default test" tests="2" failures="0" timestamp="11 Dec 2018 12:14:48 GMT" time="0.526" errors="0">
  <testcase name="@BeforeMethod isTcSkip" time="0.005" classname="com.tr.DTM.testcases.DB.ProdDBQuery">
    <skipped/>
  </testcase> <!-- @BeforeMethod isTcSkip -->
  <testcase name="@BeforeMethod isTcSkip" time="0.0" classname="com.tr.DTM.testcases.DB.ProdDBQuery">
    <skipped/>
  </testcase> <!-- @BeforeMethod isTcSkip -->
  <testcase name="getProdDBQuery" time="0.0" classname="com.tr.DTM.testcases.DB.ProdDBQuery">
    <skipped/>
  </testcase> <!-- getProdDBQuery -->
  <testcase name="getProdDBQuery" time="0.0" classname="com.tr.DTM.testcases.DB.ProdDBQuery">
    <skipped/>
  </testcase> <!-- getProdDBQuery -->
</testsuite> <!-- Default test -->
